e:\c++documents\my project\qt\qt-\qtwidgetsapplication1\x64\debug\vc143.pdb
e:\c++documents\my project\qt\qt-\qtwidgetsapplication1\x64\debug\vc143.idb
e:\c++documents\my project\qt\qt-\qtwidgetsapplication1\x64\debug\qrc_qtwidgetsapplication1.obj
e:\c++documents\my project\qt\qt-\qtwidgetsapplication1\x64\debug\projectscoremanage.obj
e:\c++documents\my project\qt\qt-\qtwidgetsapplication1\x64\debug\main.obj
e:\c++documents\my project\qt\qt-\qtwidgetsapplication1\x64\debug\register.obj
e:\c++documents\my project\qt\qt-\qtwidgetsapplication1\x64\debug\authenticationservice.obj
e:\c++documents\my project\qt\qt-\qtwidgetsapplication1\x64\debug\uploader.obj
e:\c++documents\my project\qt\qt-\qtwidgetsapplication1\x64\debug\changepassword.obj
e:\c++documents\my project\qt\qt-\qtwidgetsapplication1\x64\debug\qtwidgetsapplication1.obj
e:\c++documents\my project\qt\qt-\qtwidgetsapplication1\x64\debug\login.obj
e:\c++documents\my project\qt\qt-\qtwidgetsapplication1\x64\debug\projectscore.obj
e:\c++documents\my project\qt\qt-\qtwidgetsapplication1\x64\debug\moc_qtwidgetsapplication1.obj
e:\c++documents\my project\qt\qt-\qtwidgetsapplication1\x64\debug\moc_uploader.obj
e:\c++documents\my project\qt\qt-\qtwidgetsapplication1\x64\debug\moc_register.obj
e:\c++documents\my project\qt\qt-\qtwidgetsapplication1\x64\debug\moc_projectscoremanage.obj
e:\c++documents\my project\qt\qt-\qtwidgetsapplication1\x64\debug\moc_login.obj
e:\c++documents\my project\qt\qt-\qtwidgetsapplication1\x64\debug\moc_changepassword.obj
e:\c++documents\my project\qt\qt-\x64\debug\qtwidgetsapplication1.exe
e:\c++documents\my project\qt\qt-\qtwidgetsapplication1\x64\debug\qtwidgetsapplication1.ilk
e:\c++documents\my project\qt\qt-\x64\debug\qtwidgetsapplication1.pdb
e:\c++documents\my project\qt\qt-\qtwidgetsapplication1\x64\debug\moc\moc_uploader.cpp
e:\c++documents\my project\qt\qt-\qtwidgetsapplication1\x64\debug\uic\ui_changepassword.h
e:\c++documents\my project\qt\qt-\qtwidgetsapplication1\x64\debug\uic\ui_loginuser.h
e:\c++documents\my project\qt\qt-\qtwidgetsapplication1\x64\debug\uic\ui_projectscoremanage.h
e:\c++documents\my project\qt\qt-\qtwidgetsapplication1\x64\debug\uic\ui_qtwidgetsapplication1.h
e:\c++documents\my project\qt\qt-\qtwidgetsapplication1\x64\debug\uic\ui_registeruser.h
e:\c++documents\my project\qt\qt-\qtwidgetsapplication1\x64\debug\uic\ui_uploader.h
e:\c++documents\my project\qt\qt-\qtwidgetsapplication1\x64\debug\rcc\qrc_qtwidgetsapplication1.cpp
e:\c++documents\my project\qt\qt-\qtwidgetsapplication1\x64\debug\moc\moc_qtwidgetsapplication1.cpp
e:\c++documents\my project\qt\qt-\qtwidgetsapplication1\x64\debug\moc\moc_login.cpp
e:\c++documents\my project\qt\qt-\qtwidgetsapplication1\x64\debug\moc\moc_changepassword.cpp
e:\c++documents\my project\qt\qt-\qtwidgetsapplication1\x64\debug\moc\moc_projectscoremanage.cpp
e:\c++documents\my project\qt\qt-\qtwidgetsapplication1\x64\debug\moc\moc_register.cpp
e:\c++documents\my project\qt\qt-\qtwidgetsapplication1\x64\debug\qtwidget.268c412c.tlog\cl.command.1.tlog
e:\c++documents\my project\qt\qt-\qtwidgetsapplication1\x64\debug\qtwidget.268c412c.tlog\cl.items.tlog
e:\c++documents\my project\qt\qt-\qtwidgetsapplication1\x64\debug\qtwidget.268c412c.tlog\cl.read.1.tlog
e:\c++documents\my project\qt\qt-\qtwidgetsapplication1\x64\debug\qtwidget.268c412c.tlog\cl.write.1.tlog
e:\c++documents\my project\qt\qt-\qtwidgetsapplication1\x64\debug\qtwidget.268c412c.tlog\link.command.1.tlog
e:\c++documents\my project\qt\qt-\qtwidgetsapplication1\x64\debug\qtwidget.268c412c.tlog\link.read.1.tlog
e:\c++documents\my project\qt\qt-\qtwidgetsapplication1\x64\debug\qtwidget.268c412c.tlog\link.write.1.tlog
e:\c++documents\my project\qt\qt-\qtwidgetsapplication1\x64\debug\qtwidget.268c412c.tlog\moc.read.1u.tlog
e:\c++documents\my project\qt\qt-\qtwidgetsapplication1\x64\debug\qtwidget.268c412c.tlog\moc.write.1u.tlog
e:\c++documents\my project\qt\qt-\qtwidgetsapplication1\x64\debug\qtwidget.268c412c.tlog\qtwidgetsapplication1.write.1u.tlog
e:\c++documents\my project\qt\qt-\qtwidgetsapplication1\x64\debug\qtwidget.268c412c.tlog\rcc.read.1u.tlog
e:\c++documents\my project\qt\qt-\qtwidgetsapplication1\x64\debug\qtwidget.268c412c.tlog\rcc.write.1u.tlog
e:\c++documents\my project\qt\qt-\qtwidgetsapplication1\x64\debug\qtwidget.268c412c.tlog\uic.read.1u.tlog
e:\c++documents\my project\qt\qt-\qtwidgetsapplication1\x64\debug\qtwidget.268c412c.tlog\uic.write.1u.tlog
